<?xml version="1.0" encoding="UTF-8"?>
<!-- Generated by org.testng.reporters.JUnitXMLReporter -->
<testsuite ignored="0" hostname="DESKTOP-T9MCT9U" failures="0" tests="4" name="Default test" time="26.743" errors="0" timestamp="2025-07-09T23:15:44 CEST">
  <testcase classname="loginPage.myTestCases" name="SignUP" time="11.922"/>
  <testcase classname="loginPage.myTestCases" name="Logout" time="3.49"/>
  <testcase classname="loginPage.myTestCases" name="Login" time="1.849"/>
  <testcase classname="loginPage.myTestCases" name="AddToCart" time="6.8"/>
</testsuite> <!-- Default test -->
