<?xml version="1.0" encoding="UTF-8"?>
<testng-results ignored="0" total="4" passed="4" failed="0" skipped="0">
  <reporter-output>
  </reporter-output>
  <suite started-at="2025-07-09T23:15:17 CEST" name="Default suite" finished-at="2025-07-09T23:15:44 CEST" duration-ms="26743">
    <groups>
    </groups>
    <test started-at="2025-07-09T23:15:17 CEST" name="Default test" finished-at="2025-07-09T23:15:44 CEST" duration-ms="26743">
      <class name="loginPage.myTestCases">
        <test-method is-config="true" signature="SignUp()[pri:0, instance:loginPage.myTestCases@732f29af]" started-at="2025-07-09T23:15:17 CEST" name="SignUp" finished-at="2025-07-09T23:15:20 CEST" duration-ms="2500" status="PASS">
          <reporter-output>
          </reporter-output>
        </test-method> <!-- SignUp -->
        <test-method signature="SignUP()[pri:1, instance:loginPage.myTestCases@732f29af]" started-at="2025-07-09T23:15:20 CEST" name="SignUP" finished-at="2025-07-09T23:15:32 CEST" duration-ms="11922" status="PASS">
          <reporter-output>
          </reporter-output>
        </test-method> <!-- SignUP -->
        <test-method signature="Logout()[pri:2, instance:loginPage.myTestCases@732f29af]" started-at="2025-07-09T23:15:32 CEST" name="Logout" finished-at="2025-07-09T23:15:36 CEST" duration-ms="3490" status="PASS">
          <reporter-output>
          </reporter-output>
        </test-method> <!-- Logout -->
        <test-method signature="Login()[pri:3, instance:loginPage.myTestCases@732f29af]" started-at="2025-07-09T23:15:36 CEST" name="Login" finished-at="2025-07-09T23:15:37 CEST" duration-ms="1849" status="PASS">
          <reporter-output>
          </reporter-output>
        </test-method> <!-- Login -->
        <test-method signature="AddToCart()[pri:4, instance:loginPage.myTestCases@732f29af]" started-at="2025-07-09T23:15:37 CEST" name="AddToCart" finished-at="2025-07-09T23:15:44 CEST" duration-ms="6800" status="PASS">
          <reporter-output>
          </reporter-output>
        </test-method> <!-- AddToCart -->
      </class> <!-- loginPage.myTestCases -->
    </test> <!-- Default test -->
  </suite> <!-- Default suite -->
</testng-results>
