<?xml version="1.0" encoding="UTF-8"?>
<testng-results ignored="0" total="1" passed="1" failed="0" skipped="0">
  <reporter-output>
  </reporter-output>
  <suite started-at="2025-07-06T00:27:44 CEST" name="Default suite" finished-at="2025-07-06T00:27:47 CEST" duration-ms="3321">
    <groups>
    </groups>
    <test started-at="2025-07-06T00:27:44 CEST" name="Default test" finished-at="2025-07-06T00:27:47 CEST" duration-ms="3321">
      <class name="loginPage.myTestCases">
        <test-method is-config="true" signature="mySetup()[pri:0, instance:loginPage.myTestCases@50ecde95]" started-at="2025-07-06T00:27:44 CEST" name="mySetup" finished-at="2025-07-06T00:27:46 CEST" duration-ms="1996" status="PASS">
          <reporter-output>
          </reporter-output>
        </test-method> <!-- mySetup -->
        <test-method signature="signup()[pri:1, instance:loginPage.myTestCases@50ecde95]" started-at="2025-07-06T00:27:46 CEST" name="signup" finished-at="2025-07-06T00:27:47 CEST" duration-ms="1207" status="PASS">
          <reporter-output>
          </reporter-output>
        </test-method> <!-- signup -->
      </class> <!-- loginPage.myTestCases -->
    </test> <!-- Default test -->
  </suite> <!-- Default suite -->
</testng-results>
